2025-06-25 19:40:51,985 - INFO -  ÎËÂÌÚ Á‡ÔÛ˘ÂÌ (hostname: Nikita)
2025-06-25 19:41:18,661 - INFO -  ÎËÂÌÚ Á‡ÔÛ˘ÂÌ (hostname: Nikita)
2025-06-25 19:41:18,662 - INFO - Õ‡˜‡Ú ÔÓËÒÍ ÒÂ‚Â‡ ‡‰ÏËÌËÒÚ‡ÚÓ‡...
2025-06-25 21:13:29,633 - INFO - –ö–ª–∏–µ–Ω—Ç –∏–Ω–∏—Ü–∏–∞–ª–∏–∑–∏—Ä–æ–≤–∞–Ω (hostname: Romthes)
2025-06-25 21:13:29,634 - INFO - –ù–∞—á–∞—Ç –ø–æ–∏—Å–∫ —Å–µ—Ä–≤–µ—Ä–∞ –∞–¥–º–∏–Ω–∏—Å—Ç—Ä–∞—Ç–æ—Ä–∞...
2025-06-25 21:13:29,634 - INFO - –ö–ª–∏–µ–Ω—Ç –∑–∞–ø—É—â–µ–Ω (hostname: Romthes)
2025-06-25 21:13:30,621 - INFO - –û–±–Ω–∞—Ä—É–∂–µ–Ω —Å–µ—Ä–≤–µ—Ä –∞–¥–º–∏–Ω–∏—Å—Ç—Ä–∞—Ç–æ—Ä–∞: 172.16.99.76:12345
2025-06-25 21:13:30,622 - INFO - –ü–æ–ø—ã—Ç–∫–∞ –ø–æ–¥–∫–ª—é—á–µ–Ω–∏—è –∫ —Å–µ—Ä–≤–µ—Ä—É ('172.16.99.76', 12345)
2025-06-25 21:13:30,667 - INFO - –£—Å–ø–µ—à–Ω–æ –ø–æ–¥–∫–ª—é—á–µ–Ω–æ –∫ —Å–µ—Ä–≤–µ—Ä—É 172.16.99.76:12345
2025-06-25 02:08:29,001 - INFO - –ö–ª–∏–µ–Ω—Ç –∏–Ω–∏—Ü–∏–∞–ª–∏–∑–∏—Ä–æ–≤–∞–Ω (hostname: knyazev)
2025-06-25 02:08:29,003 - INFO - –ö–ª–∏–µ–Ω—Ç –∑–∞–ø—É—â–µ–Ω (hostname: knyazev)
2025-06-25 02:08:29,003 - INFO - –ù–∞—á–∞—Ç –ø–æ–∏—Å–∫ —Å–µ—Ä–≤–µ—Ä–∞ –∞–¥–º–∏–Ω–∏—Å—Ç—Ä–∞—Ç–æ—Ä–∞...
2025-06-25 02:08:43,668 - INFO - –û–±–Ω–∞—Ä—É–∂–µ–Ω —Å–µ—Ä–≤–µ—Ä –∞–¥–º–∏–Ω–∏—Å—Ç—Ä–∞—Ç–æ—Ä–∞: 192.168.0.13:12345
2025-06-25 02:08:43,668 - INFO - –ü–æ–ø—ã—Ç–∫–∞ –ø–æ–¥–∫–ª—é—á–µ–Ω–∏—è –∫ —Å–µ—Ä–≤–µ—Ä—É ('192.168.0.13', 12345)
2025-06-25 02:08:43,740 - INFO - –ü–æ–¥–∫–ª—é—á–µ–Ω–∏–µ –ø–æ–¥—Ç–≤–µ—Ä–∂–¥–µ–Ω–æ —Å–µ—Ä–≤–µ—Ä–æ–º
2025-06-25 02:08:44,241 - WARNING - MicroSIP –Ω–µ —É—Å—Ç–∞–Ω–æ–≤–ª–µ–Ω
2025-06-25 02:08:44,241 - INFO - –û—Ç–ø—Ä–∞–≤–ª–µ–Ω –Ω–∞—á–∞–ª—å–Ω—ã–π —Å—Ç–∞—Ç—É—Å DND: 1
2025-06-25 02:08:44,241 - INFO - –£—Å–ø–µ—à–Ω–æ –ø–æ–¥–∫–ª—é—á–∏–ª–∏—Å—å –∫ —Å–µ—Ä–≤–µ—Ä—É ('192.168.0.13', 12345)
2025-06-25 02:08:44,241 - WARNING - MicroSIP –Ω–µ —É—Å—Ç–∞–Ω–æ–≤–ª–µ–Ω
2025-06-25 02:08:46,242 - WARNING - MicroSIP –Ω–µ —É—Å—Ç–∞–Ω–æ–≤–ª–µ–Ω
2025-06-25 02:08:48,243 - WARNING - MicroSIP –Ω–µ —É—Å—Ç–∞–Ω–æ–≤–ª–µ–Ω
2025-06-25 02:08:50,243 - WARNING - MicroSIP –Ω–µ —É—Å—Ç–∞–Ω–æ–≤–ª–µ–Ω
2025-06-25 02:08:52,101 - WARNING - MicroSIP –Ω–µ —É—Å—Ç–∞–Ω–æ–≤–ª–µ–Ω
2025-06-25 02:08:52,105 - WARNING - MicroSIP –Ω–µ —É—Å—Ç–∞–Ω–æ–≤–ª–µ–Ω
2025-06-25 02:08:52,243 - WARNING - MicroSIP –Ω–µ —É—Å—Ç–∞–Ω–æ–≤–ª–µ–Ω
2025-06-25 02:08:54,244 - WARNING - MicroSIP –Ω–µ —É—Å—Ç–∞–Ω–æ–≤–ª–µ–Ω
2025-06-25 02:08:56,244 - WARNING - MicroSIP –Ω–µ —É—Å—Ç–∞–Ω–æ–≤–ª–µ–Ω
2025-06-25 02:08:57,111 - WARNING - MicroSIP –Ω–µ —É—Å—Ç–∞–Ω–æ–≤–ª–µ–Ω
2025-06-25 02:08:57,397 - ERROR - Failed to show WScript notification: WScript.Shell.CreateObject
2025-06-25 02:08:58,245 - WARNING - MicroSIP –Ω–µ —É—Å—Ç–∞–Ω–æ–≤–ª–µ–Ω
2025-06-25 02:09:00,245 - WARNING - MicroSIP –Ω–µ —É—Å—Ç–∞–Ω–æ–≤–ª–µ–Ω
2025-06-25 02:09:02,114 - WARNING - MicroSIP –Ω–µ —É—Å—Ç–∞–Ω–æ–≤–ª–µ–Ω
2025-06-25 02:09:02,246 - WARNING - MicroSIP –Ω–µ —É—Å—Ç–∞–Ω–æ–≤–ª–µ–Ω
2025-06-25 02:09:04,246 - WARNING - MicroSIP –Ω–µ —É—Å—Ç–∞–Ω–æ–≤–ª–µ–Ω
2025-06-25 02:09:06,247 - WARNING - MicroSIP –Ω–µ —É—Å—Ç–∞–Ω–æ–≤–ª–µ–Ω
2025-06-25 02:09:07,117 - WARNING - MicroSIP –Ω–µ —É—Å—Ç–∞–Ω–æ–≤–ª–µ–Ω
2025-06-25 02:09:08,247 - WARNING - MicroSIP –Ω–µ —É—Å—Ç–∞–Ω–æ–≤–ª–µ–Ω
2025-06-25 02:09:10,248 - WARNING - MicroSIP –Ω–µ —É—Å—Ç–∞–Ω–æ–≤–ª–µ–Ω
2025-06-25 02:09:12,121 - WARNING - MicroSIP –Ω–µ —É—Å—Ç–∞–Ω–æ–≤–ª–µ–Ω
2025-06-25 02:09:12,249 - WARNING - MicroSIP –Ω–µ —É—Å—Ç–∞–Ω–æ–≤–ª–µ–Ω
2025-06-25 02:09:14,249 - WARNING - MicroSIP –Ω–µ —É—Å—Ç–∞–Ω–æ–≤–ª–µ–Ω
2025-06-25 02:09:16,250 - WARNING - MicroSIP –Ω–µ —É—Å—Ç–∞–Ω–æ–≤–ª–µ–Ω
2025-06-25 02:09:17,125 - WARNING - MicroSIP –Ω–µ —É—Å—Ç–∞–Ω–æ–≤–ª–µ–Ω
2025-06-25 02:09:18,250 - WARNING - MicroSIP –Ω–µ —É—Å—Ç–∞–Ω–æ–≤–ª–µ–Ω
2025-06-25 02:09:20,251 - WARNING - MicroSIP –Ω–µ —É—Å—Ç–∞–Ω–æ–≤–ª–µ–Ω
2025-06-25 02:09:22,128 - WARNING - MicroSIP –Ω–µ —É—Å—Ç–∞–Ω–æ–≤–ª–µ–Ω
2025-06-25 02:09:22,252 - WARNING - MicroSIP –Ω–µ —É—Å—Ç–∞–Ω–æ–≤–ª–µ–Ω
2025-06-25 02:09:24,252 - WARNING - MicroSIP –Ω–µ —É—Å—Ç–∞–Ω–æ–≤–ª–µ–Ω
2025-06-25 02:09:26,253 - WARNING - MicroSIP –Ω–µ —É—Å—Ç–∞–Ω–æ–≤–ª–µ–Ω
2025-06-25 02:09:27,132 - WARNING - MicroSIP –Ω–µ —É—Å—Ç–∞–Ω–æ–≤–ª–µ–Ω
2025-06-25 02:09:28,254 - WARNING - MicroSIP –Ω–µ —É—Å—Ç–∞–Ω–æ–≤–ª–µ–Ω
2025-06-25 02:09:30,254 - WARNING - MicroSIP –Ω–µ —É—Å—Ç–∞–Ω–æ–≤–ª–µ–Ω
2025-06-25 02:09:32,135 - WARNING - MicroSIP –Ω–µ —É—Å—Ç–∞–Ω–æ–≤–ª–µ–Ω
2025-06-25 02:09:32,255 - WARNING - MicroSIP –Ω–µ —É—Å—Ç–∞–Ω–æ–≤–ª–µ–Ω
2025-06-25 02:09:34,255 - WARNING - MicroSIP –Ω–µ —É—Å—Ç–∞–Ω–æ–≤–ª–µ–Ω
2025-06-25 02:09:36,256 - WARNING - MicroSIP –Ω–µ —É—Å—Ç–∞–Ω–æ–≤–ª–µ–Ω
2025-06-25 02:09:37,139 - WARNING - MicroSIP –Ω–µ —É—Å—Ç–∞–Ω–æ–≤–ª–µ–Ω
2025-06-25 02:09:38,257 - WARNING - MicroSIP –Ω–µ —É—Å—Ç–∞–Ω–æ–≤–ª–µ–Ω
2025-06-25 02:09:40,257 - WARNING - MicroSIP –Ω–µ —É—Å—Ç–∞–Ω–æ–≤–ª–µ–Ω
2025-06-25 02:09:42,142 - WARNING - MicroSIP –Ω–µ —É—Å—Ç–∞–Ω–æ–≤–ª–µ–Ω
2025-06-25 02:09:42,258 - WARNING - MicroSIP –Ω–µ —É—Å—Ç–∞–Ω–æ–≤–ª–µ–Ω
2025-06-25 02:09:44,258 - WARNING - MicroSIP –Ω–µ —É—Å—Ç–∞–Ω–æ–≤–ª–µ–Ω
2025-06-25 02:09:46,259 - WARNING - MicroSIP –Ω–µ —É—Å—Ç–∞–Ω–æ–≤–ª–µ–Ω
2025-06-25 02:09:47,145 - WARNING - MicroSIP –Ω–µ —É—Å—Ç–∞–Ω–æ–≤–ª–µ–Ω
2025-06-25 02:09:48,259 - WARNING - MicroSIP –Ω–µ —É—Å—Ç–∞–Ω–æ–≤–ª–µ–Ω
2025-06-25 02:09:50,260 - WARNING - MicroSIP –Ω–µ —É—Å—Ç–∞–Ω–æ–≤–ª–µ–Ω
2025-06-25 02:09:52,148 - WARNING - MicroSIP –Ω–µ —É—Å—Ç–∞–Ω–æ–≤–ª–µ–Ω
2025-06-25 02:09:52,261 - WARNING - MicroSIP –Ω–µ —É—Å—Ç–∞–Ω–æ–≤–ª–µ–Ω
2025-06-25 02:09:54,261 - WARNING - MicroSIP –Ω–µ —É—Å—Ç–∞–Ω–æ–≤–ª–µ–Ω
2025-06-25 02:09:56,261 - WARNING - MicroSIP –Ω–µ —É—Å—Ç–∞–Ω–æ–≤–ª–µ–Ω
2025-06-25 02:09:57,151 - WARNING - MicroSIP –Ω–µ —É—Å—Ç–∞–Ω–æ–≤–ª–µ–Ω
2025-06-25 02:09:58,262 - WARNING - MicroSIP –Ω–µ —É—Å—Ç–∞–Ω–æ–≤–ª–µ–Ω
2025-06-25 02:10:00,262 - WARNING - MicroSIP –Ω–µ —É—Å—Ç–∞–Ω–æ–≤–ª–µ–Ω
2025-06-25 02:10:02,154 - WARNING - MicroSIP –Ω–µ —É—Å—Ç–∞–Ω–æ–≤–ª–µ–Ω
2025-06-25 02:10:02,263 - WARNING - MicroSIP –Ω–µ —É—Å—Ç–∞–Ω–æ–≤–ª–µ–Ω
2025-06-25 02:10:04,263 - WARNING - MicroSIP –Ω–µ —É—Å—Ç–∞–Ω–æ–≤–ª–µ–Ω
2025-06-25 02:10:06,264 - WARNING - MicroSIP –Ω–µ —É—Å—Ç–∞–Ω–æ–≤–ª–µ–Ω
2025-06-25 02:10:07,158 - WARNING - MicroSIP –Ω–µ —É—Å—Ç–∞–Ω–æ–≤–ª–µ–Ω
2025-06-25 02:10:08,265 - WARNING - MicroSIP –Ω–µ —É—Å—Ç–∞–Ω–æ–≤–ª–µ–Ω
2025-06-25 02:10:10,265 - WARNING - MicroSIP –Ω–µ —É—Å—Ç–∞–Ω–æ–≤–ª–µ–Ω
2025-06-25 02:10:12,161 - WARNING - MicroSIP –Ω–µ —É—Å—Ç–∞–Ω–æ–≤–ª–µ–Ω
2025-06-25 02:10:12,266 - WARNING - MicroSIP –Ω–µ —É—Å—Ç–∞–Ω–æ–≤–ª–µ–Ω
2025-06-25 02:10:14,266 - WARNING - MicroSIP –Ω–µ —É—Å—Ç–∞–Ω–æ–≤–ª–µ–Ω
2025-06-25 02:10:16,267 - WARNING - MicroSIP –Ω–µ —É—Å—Ç–∞–Ω–æ–≤–ª–µ–Ω
2025-06-25 02:10:17,164 - WARNING - MicroSIP –Ω–µ —É—Å—Ç–∞–Ω–æ–≤–ª–µ–Ω
2025-06-25 02:10:18,267 - WARNING - MicroSIP –Ω–µ —É—Å—Ç–∞–Ω–æ–≤–ª–µ–Ω
2025-06-25 02:10:20,268 - WARNING - MicroSIP –Ω–µ —É—Å—Ç–∞–Ω–æ–≤–ª–µ–Ω
2025-06-25 02:10:22,167 - WARNING - MicroSIP –Ω–µ —É—Å—Ç–∞–Ω–æ–≤–ª–µ–Ω
2025-06-25 02:10:22,269 - WARNING - MicroSIP –Ω–µ —É—Å—Ç–∞–Ω–æ–≤–ª–µ–Ω
2025-06-25 02:10:24,269 - WARNING - MicroSIP –Ω–µ —É—Å—Ç–∞–Ω–æ–≤–ª–µ–Ω
2025-06-25 02:10:26,270 - WARNING - MicroSIP –Ω–µ —É—Å—Ç–∞–Ω–æ–≤–ª–µ–Ω
2025-06-25 02:10:27,171 - WARNING - MicroSIP –Ω–µ —É—Å—Ç–∞–Ω–æ–≤–ª–µ–Ω
2025-06-25 02:10:28,270 - WARNING - MicroSIP –Ω–µ —É—Å—Ç–∞–Ω–æ–≤–ª–µ–Ω
2025-06-25 02:10:30,271 - WARNING - MicroSIP –Ω–µ —É—Å—Ç–∞–Ω–æ–≤–ª–µ–Ω
2025-06-25 02:10:32,174 - WARNING - MicroSIP –Ω–µ —É—Å—Ç–∞–Ω–æ–≤–ª–µ–Ω
2025-06-25 02:10:32,272 - WARNING - MicroSIP –Ω–µ —É—Å—Ç–∞–Ω–æ–≤–ª–µ–Ω
2025-06-25 02:10:34,272 - WARNING - MicroSIP –Ω–µ —É—Å—Ç–∞–Ω–æ–≤–ª–µ–Ω
2025-06-25 02:10:36,273 - WARNING - MicroSIP –Ω–µ —É—Å—Ç–∞–Ω–æ–≤–ª–µ–Ω
2025-06-25 02:10:37,178 - WARNING - MicroSIP –Ω–µ —É—Å—Ç–∞–Ω–æ–≤–ª–µ–Ω
2025-06-25 02:10:38,274 - WARNING - MicroSIP –Ω–µ —É—Å—Ç–∞–Ω–æ–≤–ª–µ–Ω
2025-06-25 02:10:40,274 - WARNING - MicroSIP –Ω–µ —É—Å—Ç–∞–Ω–æ–≤–ª–µ–Ω
2025-06-25 02:10:42,181 - WARNING - MicroSIP –Ω–µ —É—Å—Ç–∞–Ω–æ–≤–ª–µ–Ω
2025-06-25 02:10:42,274 - WARNING - MicroSIP –Ω–µ —É—Å—Ç–∞–Ω–æ–≤–ª–µ–Ω
2025-06-25 02:10:44,275 - WARNING - MicroSIP –Ω–µ —É—Å—Ç–∞–Ω–æ–≤–ª–µ–Ω
2025-06-25 02:10:46,275 - WARNING - MicroSIP –Ω–µ —É—Å—Ç–∞–Ω–æ–≤–ª–µ–Ω
2025-06-25 02:10:47,185 - WARNING - MicroSIP –Ω–µ —É—Å—Ç–∞–Ω–æ–≤–ª–µ–Ω
2025-06-25 02:10:48,276 - WARNING - MicroSIP –Ω–µ —É—Å—Ç–∞–Ω–æ–≤–ª–µ–Ω
2025-06-25 02:10:50,276 - WARNING - MicroSIP –Ω–µ —É—Å—Ç–∞–Ω–æ–≤–ª–µ–Ω
2025-06-25 02:10:52,188 - WARNING - MicroSIP –Ω–µ —É—Å—Ç–∞–Ω–æ–≤–ª–µ–Ω
2025-06-25 02:10:52,277 - WARNING - MicroSIP –Ω–µ —É—Å—Ç–∞–Ω–æ–≤–ª–µ–Ω
2025-06-25 02:10:54,277 - WARNING - MicroSIP –Ω–µ —É—Å—Ç–∞–Ω–æ–≤–ª–µ–Ω
2025-06-25 02:10:56,278 - WARNING - MicroSIP –Ω–µ —É—Å—Ç–∞–Ω–æ–≤–ª–µ–Ω
2025-06-25 02:10:57,192 - WARNING - MicroSIP –Ω–µ —É—Å—Ç–∞–Ω–æ–≤–ª–µ–Ω
2025-06-25 02:10:58,279 - WARNING - MicroSIP –Ω–µ —É—Å—Ç–∞–Ω–æ–≤–ª–µ–Ω
2025-06-25 02:11:00,279 - WARNING - MicroSIP –Ω–µ —É—Å—Ç–∞–Ω–æ–≤–ª–µ–Ω
2025-06-25 02:11:02,195 - WARNING - MicroSIP –Ω–µ —É—Å—Ç–∞–Ω–æ–≤–ª–µ–Ω
2025-06-25 02:11:02,279 - WARNING - MicroSIP –Ω–µ —É—Å—Ç–∞–Ω–æ–≤–ª–µ–Ω
2025-06-25 02:11:04,280 - WARNING - MicroSIP –Ω–µ —É—Å—Ç–∞–Ω–æ–≤–ª–µ–Ω
2025-06-25 02:11:06,281 - WARNING - MicroSIP –Ω–µ —É—Å—Ç–∞–Ω–æ–≤–ª–µ–Ω
2025-06-25 02:11:07,200 - WARNING - MicroSIP –Ω–µ —É—Å—Ç–∞–Ω–æ–≤–ª–µ–Ω
2025-06-25 02:11:08,281 - WARNING - MicroSIP –Ω–µ —É—Å—Ç–∞–Ω–æ–≤–ª–µ–Ω
2025-06-25 02:11:10,281 - WARNING - MicroSIP –Ω–µ —É—Å—Ç–∞–Ω–æ–≤–ª–µ–Ω
2025-06-25 02:11:12,204 - WARNING - MicroSIP –Ω–µ —É—Å—Ç–∞–Ω–æ–≤–ª–µ–Ω
2025-06-25 02:11:12,282 - WARNING - MicroSIP –Ω–µ —É—Å—Ç–∞–Ω–æ–≤–ª–µ–Ω
2025-06-25 02:11:14,282 - WARNING - MicroSIP –Ω–µ —É—Å—Ç–∞–Ω–æ–≤–ª–µ–Ω
2025-06-25 02:11:16,283 - WARNING - MicroSIP –Ω–µ —É—Å—Ç–∞–Ω–æ–≤–ª–µ–Ω
2025-06-25 02:11:17,207 - WARNING - MicroSIP –Ω–µ —É—Å—Ç–∞–Ω–æ–≤–ª–µ–Ω
2025-06-25 02:11:18,283 - WARNING - MicroSIP –Ω–µ —É—Å—Ç–∞–Ω–æ–≤–ª–µ–Ω
2025-06-25 02:11:20,283 - WARNING - MicroSIP –Ω–µ —É—Å—Ç–∞–Ω–æ–≤–ª–µ–Ω
2025-06-25 02:11:22,211 - WARNING - MicroSIP –Ω–µ —É—Å—Ç–∞–Ω–æ–≤–ª–µ–Ω
2025-06-25 02:11:22,284 - WARNING - MicroSIP –Ω–µ —É—Å—Ç–∞–Ω–æ–≤–ª–µ–Ω
2025-06-25 02:11:24,284 - WARNING - MicroSIP –Ω–µ —É—Å—Ç–∞–Ω–æ–≤–ª–µ–Ω
2025-06-25 02:11:26,284 - WARNING - MicroSIP –Ω–µ —É—Å—Ç–∞–Ω–æ–≤–ª–µ–Ω
2025-06-25 02:11:27,214 - WARNING - MicroSIP –Ω–µ —É—Å—Ç–∞–Ω–æ–≤–ª–µ–Ω
2025-06-25 02:11:28,285 - WARNING - MicroSIP –Ω–µ —É—Å—Ç–∞–Ω–æ–≤–ª–µ–Ω
2025-06-25 02:11:30,286 - WARNING - MicroSIP –Ω–µ —É—Å—Ç–∞–Ω–æ–≤–ª–µ–Ω
2025-06-25 02:11:32,218 - WARNING - MicroSIP –Ω–µ —É—Å—Ç–∞–Ω–æ–≤–ª–µ–Ω
2025-06-25 02:11:32,286 - WARNING - MicroSIP –Ω–µ —É—Å—Ç–∞–Ω–æ–≤–ª–µ–Ω
2025-06-25 02:11:34,287 - WARNING - MicroSIP –Ω–µ —É—Å—Ç–∞–Ω–æ–≤–ª–µ–Ω
